Arguments: 
  /usr/local/bin/node /usr/local/Cellar/yarn/1.22.10/libexec/bin/yarn.js install

PATH: 
  /usr/local/bin:/usr/bin:/bin:/usr/sbin:/sbin:/Library/Apple/usr/bin

Yarn version: 
  1.22.10

Node version: 
  15.2.0

Platform: 
  darwin x64

Trace: 
  Error: connect ENETUNREACH 104.16.27.35:443 - Local (0.0.0.0:56342)
      at internalConnect (node:net:899:16)
      at defaultTriggerAsyncIdScope (node:internal/async_hooks:428:12)
      at emitLookup (node:net:1046:9)
      at /usr/local/Cellar/yarn/1.22.10/libexec/lib/cli.js:107524:28
      at /usr/local/Cellar/yarn/1.22.10/libexec/lib/cli.js:107433:13
      at RawTask.module.exports.RawTask.call (/usr/local/Cellar/yarn/1.22.10/libexec/lib/cli.js:83614:19)
      at flush (/usr/local/Cellar/yarn/1.22.10/libexec/lib/cli.js:83696:29)
      at processTicksAndRejections (node:internal/process/task_queues:75:11)

npm manifest: 
  {
    "main": "node_modules/expo/AppEntry.js",
    "scripts": {
      "start": "expo start",
      "android": "expo start --android",
      "ios": "expo start --ios",
      "web": "expo start --web",
      "eject": "expo eject"
    },
    "rnpm": {
      "assets": [
        "assets/fonts"
      ]
    },
    "dependencies": {
      "@react-native-community/masked-view": "0.1.10",
      "@react-navigation/material-bottom-tabs": "^5.3.10",
      "@react-navigation/material-top-tabs": "^5.3.10",
      "@react-navigation/native": "^5.8.10",
      "@react-navigation/stack": "^5.12.8",
      "axios": "^0.21.0",
      "core-js": "^3.8.1",
      "expo": "~40.0.0",
      "expo-app-loading": "^1.0.1",
      "expo-blur": "~8.2.2",
      "expo-constants": "~9.3.3",
      "expo-linear-gradient": "~8.4.0",
      "expo-status-bar": "~1.0.3",
      "expo-updates": "~0.4.1",
      "native-base": "^2.13.15",
      "react": "16.13.1",
      "react-dom": "16.13.1",
      "react-native": "https://github.com/expo/react-native/archive/sdk-40.0.0.tar.gz",
      "react-native-animatable": "^1.3.3",
      "react-native-deck-swiper": "^2.0.5",
      "react-native-elements": "^3.0.1",
      "react-native-gesture-handler": "~1.8.0",
      "react-native-image-blur-loading": "^1.1.4",
      "react-native-image-grid": "^1.0.0",
      "react-native-image-size": "^1.1.3",
      "react-native-indicators": "^0.17.0",
      "react-native-inset-shadow": "^1.0.3",
      "react-native-ionicons": "^4.6.5",
      "react-native-material-tabs": "^4.1.2",
      "react-native-modal": "^11.5.6",
      "react-native-paper": "^4.5.0",
      "react-native-reanimated": "~1.13.0",
      "react-native-safe-area-context": "3.1.9",
      "react-native-screens": "~2.15.0",
      "react-native-snap-carousel": "^3.9.1",
      "react-native-status-bar-height": "^2.6.0",
      "react-native-svg": "12.1.0",
      "react-native-swipe-list-view": "^3.2.5",
      "react-native-swipeout": "^2.3.6",
      "react-native-tab-view": "^2.15.2",
      "react-native-textinput-effects": "^0.6.1",
      "react-native-vector-icons": "^7.1.0",
      "react-native-web": "~0.13.12",
      "react-navigation": "^4.4.3",
      "react-navigation-stack": "^2.10.2",
      "react-number-format": "^4.4.1",
      "react-redux": "^7.2.2",
      "redux": "^4.0.5"
    },
    "devDependencies": {
      "@babel/core": "~7.9.0"
    },
    "private": true,
    "name": "InstaApp"
  }

yarn manifest: 
  No manifest

Lockfile: 
  No lockfile
